0 info it worked if it ends with ok
1 verbose cli [ '/usr/bin/node', '/usr/bin/npm', 'publish' ]
2 info using npm@3.5.2
3 info using node@v8.10.0
4 verbose publish [ '.' ]
5 silly cache add args [ '.', null ]
6 verbose cache add spec .
7 silly cache add parsed spec Result {
7 silly cache add   raw: '.',
7 silly cache add   scope: null,
7 silly cache add   name: null,
7 silly cache add   rawSpec: '.',
7 silly cache add   spec: '/mnt/43bf53bc-2c00-44ef-9e0a-ae9b43bec961/programmierung/js/jdom',
7 silly cache add   type: 'directory' }
8 verbose addLocalDirectory /home/julianfun123/.npm/jdomjs/1.0.2/package.tgz not in flight; packing
9 info lifecycle jdomjs@1.0.2~prepublish: jdomjs@1.0.2
10 silly lifecycle jdomjs@1.0.2~prepublish: no script for prepublish, continuing
11 verbose tar pack [ '/home/julianfun123/.npm/jdomjs/1.0.2/package.tgz',
11 verbose tar pack   '/mnt/43bf53bc-2c00-44ef-9e0a-ae9b43bec961/programmierung/js/jdom' ]
12 verbose tarball /home/julianfun123/.npm/jdomjs/1.0.2/package.tgz
13 verbose folder /mnt/43bf53bc-2c00-44ef-9e0a-ae9b43bec961/programmierung/js/jdom
14 verbose addLocalTarball adding from inside cache /home/julianfun123/.npm/jdomjs/1.0.2/package.tgz
15 silly cache afterAdd jdomjs@1.0.2
16 verbose afterAdd /home/julianfun123/.npm/jdomjs/1.0.2/package/package.json not in flight; writing
17 verbose afterAdd /home/julianfun123/.npm/jdomjs/1.0.2/package/package.json written
18 silly publish { name: 'jdomjs',
18 silly publish   version: '1.0.2',
18 silly publish   description: 'JDOM is a JQuery like DOM selector! ',
18 silly publish   main: 'jdom.js',
18 silly publish   scripts: { test: 'echo "Error: no test specified" && exit 1' },
18 silly publish   repository:
18 silly publish    { type: 'git',
18 silly publish      url: 'git+https://github.com/interaapps/jdom.git' },
18 silly publish   keywords: [ 'JDom', 'Dom selector' ],
18 silly publish   author: { name: 'InteraApps' },
18 silly publish   license: 'ISC',
18 silly publish   bugs: { url: 'https://github.com/interaapps/jdom/issues' },
18 silly publish   homepage: 'https://interaapps.de',
18 silly publish   readme: '<h1 align="center">$(JDOM)</h1>\n<h3 align="center">1.0 Development</h2>\n<br><br>\n\n```javascript\n$("Introduction").text("Hello!");\n```\nThis project isn\'t finished yet! You can contribute to project this :)\n\n#### $(Overview)\n- [Using JDom](#Using-JDom)\n\n- [Examples](#Examples)\n  - [Start](#Start)\n  - [Animations](#Animations)\n  - [Events](#Events)\n## Using JDom\nYou want to use JDom?\nThe best way to use it is to download it and adding it to your page.\n\n```javascript\n<script src="/assets/js/jdom.js"></script>\n```\n\n### NPM\n```bash\nnpm install jdomjs\n```\n\n### Try JDom\nYou want to try JDom for testing purposes?\nGet the newest version from github:\n```javascript\n<script src="https://raw.githubusercontent.com/interaapps/jdom/master/jdom.js"></script>\n```\n\n## Examples\n\n### Start\n#### CSS\n```javascript\n$("#myElement").css({\n    background: "#000000",\n    color: "#FFFFFF",\n    marginRight: "10px"\n});\n```\n\n#### Foreach\n```javascript\n$(".myElements").each(function(element) {\n    $(element).text("Hi");\n});\n```\n\n#### Child selector\n```javascript\n$("#myElement").$("#childElement").each(function(element) {\n    $(element).text("Hi");\n});\n```\n\n#### Builder pattern\n```javascript\n$("#myElement").text("Welcome!").attr({\n   href: "/"\n}).css({\n    background: "#000000",\n    color: "#FFFFFF"\n});\n```\n\n#### Create a new element\n```javascript\nvar myNewElement = $n("div").html("<p>New Element</p>").addClass("myClass");\n// Appending to the Html Body\n$("body").append(myNewElement);\n```\n\n### Animations\n\n#### Animations\n```javascript\n$("#myElement").animate({\n    background: "#989898"\n}, 1000, function(){\n    console.log("done");\n});\n```\n\n#### Animator\n```javascript\n$("#myElement").animator([{\n    css: {\n        background: "#4343FF"\n    },\n    then: function() {\n        console.log("Nice");\n    },\n    duration: 500\n}, {\n    css: {\n        background: "#FF9898"\n    },\n    then: function() {\n        console.log("Nice2");\n    },\n    duration: 500\n}]);\n```\n\n### Events\n#### On\n```javascript\n$("#myElement").on("click", function() {\n    console.log("Hello world!");\n});\n```\n#### Built in\n```javascript\n// (Works just for some)\n$("#myElement").click(function() {\n    console.log("Hello world!");\n});\n```\n#### Binds\n```javascript\n$("a").bind({\n    click: function() {\n        alert("Left Clicked!");\n    },\n    contextmenu: function() {\n        alert("Right Clicked!");\n    }\n});\n```\n\n#### Removing Events\n```javascript\nonClickEvent = function(event) {\n    console.log("hello!");\n    $("a").rmEvent("click", onClickEvent);\n}\n$("a").on("click", onClickEvent);\n```\n\n### More\n\n#### Cajax example (Ajax)\n[You need Cajax.js for this example. (Click here)](https://github.com/interaapps/cajax)\n```javascript\nCajax.get("/api/getWeather", {\n    zipcode: 97201\n}).then(function(resp) {\n    $("#weather-temp").html("<strong>" + resp.responseText + "</strong> degrees");\n}).send();\n```',
18 silly publish   readmeFilename: 'readme.md',
18 silly publish   gitHead: '1ec34e773199a41778f346c676f481052d1a0751',
18 silly publish   _id: 'jdomjs@1.0.2',
18 silly publish   _shasum: '42d7394f66000f77b020ee306299a1850511028f',
18 silly publish   _from: '.' }
19 verbose getPublishConfig undefined
20 silly mapToRegistry name jdomjs
21 silly mapToRegistry using default registry
22 silly mapToRegistry registry https://registry.npmjs.org/
23 silly mapToRegistry uri https://registry.npmjs.org/jdomjs
24 verbose publish registryBase https://registry.npmjs.org/
25 silly publish uploading /home/julianfun123/.npm/jdomjs/1.0.2/package.tgz
26 verbose request uri https://registry.npmjs.org/jdomjs
27 verbose request sending authorization for write operation
28 info attempt registry request try #1 at 19:06:13
29 verbose request using bearer token for auth
30 verbose request id 3bdc0050e915c2ae
31 http request PUT https://registry.npmjs.org/jdomjs
32 http 403 https://registry.npmjs.org/jdomjs
33 verbose headers { date: 'Mon, 16 Sep 2019 17:06:14 GMT',
33 verbose headers   'content-type': 'application/json',
33 verbose headers   'transfer-encoding': 'chunked',
33 verbose headers   connection: 'keep-alive',
33 verbose headers   'set-cookie':
33 verbose headers    [ '__cfduid=d5be7fcf2f6c02f6de27563b12bc861411568653573; expires=Tue, 15-Sep-20 17:06:13 GMT; path=/; domain=.npmjs.org; HttpOnly' ],
33 verbose headers   'cf-ray': '51746e0459f49736-FRA',
33 verbose headers   'expect-ct': 'max-age=604800, report-uri="https://report-uri.cloudflare.com/cdn-cgi/beacon/expect-ct"',
33 verbose headers   vary: 'Accept-Encoding',
33 verbose headers   server: 'cloudflare',
33 verbose headers   'content-encoding': 'gzip' }
34 verbose request invalidating /home/julianfun123/.npm/registry.npmjs.org/jdomjs on PUT
35 error publish Failed PUT 403
36 verbose stack Error: You cannot publish over the previously published versions: 1.0.2. : jdomjs
36 verbose stack     at makeError (/usr/share/npm/node_modules/npm-registry-client/lib/request.js:264:12)
36 verbose stack     at CachingRegistryClient.<anonymous> (/usr/share/npm/node_modules/npm-registry-client/lib/request.js:252:14)
36 verbose stack     at /usr/share/npm/node_modules/npm-registry-client/lib/request.js:178:7
36 verbose stack     at Gunzip.onEnd (zlib.js:131:5)
36 verbose stack     at emitNone (events.js:111:20)
36 verbose stack     at Gunzip.emit (events.js:208:7)
36 verbose stack     at endReadableNT (_stream_readable.js:1064:12)
36 verbose stack     at _combinedTickCallback (internal/process/next_tick.js:138:11)
36 verbose stack     at process._tickCallback (internal/process/next_tick.js:180:9)
37 verbose statusCode 403
38 verbose pkgid jdomjs
39 verbose cwd /mnt/43bf53bc-2c00-44ef-9e0a-ae9b43bec961/programmierung/js/jdom
40 error Linux 4.15.0-60-generic
41 error argv "/usr/bin/node" "/usr/bin/npm" "publish"
42 error node v8.10.0
43 error npm  v3.5.2
44 error code E403
45 error You cannot publish over the previously published versions: 1.0.2. : jdomjs
46 error If you need help, you may report this error at:
46 error     <https://github.com/npm/npm/issues>
47 verbose exit [ 1, true ]
